<?xml version="1.0" encoding="UTF-8" standalone="no"?>
<testsuite errors="0" failures="1" name="io.cucumber.core.plugin.JUnitFormatter" skipped="0" tests="1" time="19.815">
    <testcase classname="Unknown" name="_2" time="18.971">
        <failure message="unexpected alert open: {Alert text : This alert appeared after 5 seconds}&#10;  (Session info: chrome=108.0.5359.126): This alert appeared after 5 seconds&#10;Build info: version: '4.1.3', revision: '7b1ebf28ef'&#10;System info: host: 'DESKTOP-IJER1IF', ip: '192.168.81.1', os.name: 'Windows 10', os.arch: 'amd64', os.version: '10.0', java.version: '11.0.15'&#10;Driver info: org.openqa.selenium.chrome.ChromeDriver&#10;Command: [0fe57032ad6088b5f2bc069f33fb55df, maximizeCurrentWindow {}]&#10;Capabilities {acceptInsecureCerts: false, browserName: chrome, browserVersion: 108.0.5359.126, chrome: {chromedriverVersion: 108.0.5359.71 (1e0e3868ee06..., userDataDir: C:\Users\kurkcu\AppData\Loc...}, goog:chromeOptions: {debuggerAddress: localhost:60913}, javascriptEnabled: true, networkConnectionEnabled: false, pageLoadStrategy: normal, platform: WINDOWS, platformName: WINDOWS, proxy: Proxy(), se:cdp: ws://localhost:60913/devtoo..., se:cdpVersion: 108.0.5359.126, setWindowRect: true, strictFileInteractability: false, timeouts: {implicit: 0, pageLoad: 300000, script: 30000}, unhandledPromptBehavior: dismiss and notify, webauthn:extension:credBlob: true, webauthn:extension:largeBlob: true, webauthn:virtualAuthenticators: true}&#10;Session ID: 0fe57032ad6088b5f2bc069f33fb55df" type="org.openqa.selenium.UnhandledAlertException">
            <![CDATA[Given kullanici "demoUrl" anasayfasina gider................................passed
When kullanici allert uzerinde visible after five seconds yazisini gorur....failed
And kullanici alert uzerindeki yazinin gorunur oldugunu test eder...........skipped
And kullanici ok tusuna basarak alerti kapatir..............................skipped

StackTrace:
org.openqa.selenium.UnhandledAlertException: unexpected alert open: {Alert text : This alert appeared after 5 seconds}
  (Session info: chrome=108.0.5359.126): This alert appeared after 5 seconds
Build info: version: '4.1.3', revision: '7b1ebf28ef'
System info: host: 'DESKTOP-IJER1IF', ip: '192.168.81.1', os.name: 'Windows 10', os.arch: 'amd64', os.version: '10.0', java.version: '11.0.15'
Driver info: org.openqa.selenium.chrome.ChromeDriver
Command: [0fe57032ad6088b5f2bc069f33fb55df, maximizeCurrentWindow {}]
Capabilities {acceptInsecureCerts: false, browserName: chrome, browserVersion: 108.0.5359.126, chrome: {chromedriverVersion: 108.0.5359.71 (1e0e3868ee06..., userDataDir: C:\Users\kurkcu\AppData\Loc...}, goog:chromeOptions: {debuggerAddress: localhost:60913}, javascriptEnabled: true, networkConnectionEnabled: false, pageLoadStrategy: normal, platform: WINDOWS, platformName: WINDOWS, proxy: Proxy(), se:cdp: ws://localhost:60913/devtoo..., se:cdpVersion: 108.0.5359.126, setWindowRect: true, strictFileInteractability: false, timeouts: {implicit: 0, pageLoad: 300000, script: 30000}, unhandledPromptBehavior: dismiss and notify, webauthn:extension:credBlob: true, webauthn:extension:largeBlob: true, webauthn:virtualAuthenticators: true}
Session ID: 0fe57032ad6088b5f2bc069f33fb55df
	at org.openqa.selenium.remote.codec.w3c.W3CHttpResponseCodec.decode(W3CHttpResponseCodec.java:131)
	at org.openqa.selenium.remote.codec.w3c.W3CHttpResponseCodec.decode(W3CHttpResponseCodec.java:53)
	at org.openqa.selenium.remote.HttpCommandExecutor.execute(HttpCommandExecutor.java:184)
	at org.openqa.selenium.remote.service.DriverCommandExecutor.invokeExecute(DriverCommandExecutor.java:167)
	at org.openqa.selenium.remote.service.DriverCommandExecutor.execute(DriverCommandExecutor.java:142)
	at org.openqa.selenium.remote.RemoteWebDriver.execute(RemoteWebDriver.java:567)
	at org.openqa.selenium.remote.RemoteWebDriver.execute(RemoteWebDriver.java:622)
	at org.openqa.selenium.remote.RemoteWebDriver.execute(RemoteWebDriver.java:626)
	at org.openqa.selenium.remote.RemoteWebDriver$RemoteWebDriverOptions$RemoteWindow.maximize(RemoteWebDriver.java:993)
	at utilities.Driver.getDriver(Driver.java:27)
	at stepDefinitions.demoUrl_stepDefinitions.kullanici_allert_uzerinde_visible_after_five_seconds_yazisini_gorur(demoUrl_stepDefinitions.java:32)
	at âœ½.kullanici allert uzerinde visible after five seconds yazisini gorur(file:///C:/Users/kurkcu/Desktop/IT/batch81Cucumber/src/test/resources/features/Tekrar/C01_Tekrar_US018_demoUrl.feature:5)
]]>
        </failure>
    </testcase>
</testsuite>
